{"/home/trybe/Curso-Trybe/15.1_React_testing_library_Primeiros_passos/exercise-digimon-finders/src/App.js": {"path":"/home/trybe/Curso-Trybe/15.1_React_testing_library_Primeiros_passos/exercise-digimon-finders/src/App.js","statementMap":{"0":{"start":{"line":7,"column":4},"end":{"line":7,"column":12}},"1":{"start":{"line":8,"column":4},"end":{"line":8,"column":99}},"2":{"start":{"line":11,"column":15},"end":{"line":16,"column":3}},"3":{"start":{"line":12,"column":4},"end":{"line":15,"column":8}},"4":{"start":{"line":12,"column":30},"end":{"line":15,"column":5}},"5":{"start":{"line":18,"column":19},"end":{"line":30,"column":3}},"6":{"start":{"line":19,"column":30},"end":{"line":19,"column":40}},"7":{"start":{"line":20,"column":4},"end":{"line":29,"column":5}},"8":{"start":{"line":21,"column":6},"end":{"line":28,"column":13}},"9":{"start":{"line":22,"column":23},"end":{"line":22,"column":33}},"10":{"start":{"line":23,"column":27},"end":{"line":28,"column":11}},"11":{"start":{"line":23,"column":53},"end":{"line":28,"column":9}},"12":{"start":{"line":33,"column":65},"end":{"line":33,"column":75}},"13":{"start":{"line":34,"column":4},"end":{"line":54,"column":6}},"14":{"start":{"line":39,"column":36},"end":{"line":39,"column":65}}},"fnMap":{"0":{"name":"(anonymous_0)","decl":{"start":{"line":6,"column":2},"end":{"line":6,"column":3}},"loc":{"start":{"line":6,"column":16},"end":{"line":9,"column":3}},"line":6},"1":{"name":"(anonymous_1)","decl":{"start":{"line":11,"column":15},"end":{"line":11,"column":16}},"loc":{"start":{"line":11,"column":26},"end":{"line":16,"column":3}},"line":11},"2":{"name":"(anonymous_2)","decl":{"start":{"line":12,"column":18},"end":{"line":12,"column":19}},"loc":{"start":{"line":12,"column":30},"end":{"line":15,"column":5}},"line":12},"3":{"name":"(anonymous_3)","decl":{"start":{"line":18,"column":19},"end":{"line":18,"column":20}},"loc":{"start":{"line":18,"column":31},"end":{"line":30,"column":3}},"line":18},"4":{"name":"(anonymous_4)","decl":{"start":{"line":22,"column":14},"end":{"line":22,"column":15}},"loc":{"start":{"line":22,"column":23},"end":{"line":22,"column":33}},"line":22},"5":{"name":"(anonymous_5)","decl":{"start":{"line":23,"column":14},"end":{"line":23,"column":15}},"loc":{"start":{"line":23,"column":27},"end":{"line":28,"column":11}},"line":23},"6":{"name":"(anonymous_6)","decl":{"start":{"line":23,"column":41},"end":{"line":23,"column":42}},"loc":{"start":{"line":23,"column":53},"end":{"line":28,"column":9}},"line":23},"7":{"name":"(anonymous_7)","decl":{"start":{"line":32,"column":2},"end":{"line":32,"column":3}},"loc":{"start":{"line":32,"column":11},"end":{"line":55,"column":3}},"line":32},"8":{"name":"(anonymous_8)","decl":{"start":{"line":39,"column":20},"end":{"line":39,"column":21}},"loc":{"start":{"line":39,"column":36},"end":{"line":39,"column":65}},"line":39}},"branchMap":{"0":{"loc":{"start":{"line":20,"column":4},"end":{"line":29,"column":5}},"type":"if","locations":[{"start":{"line":20,"column":4},"end":{"line":29,"column":5}},{"start":{"line":20,"column":4},"end":{"line":29,"column":5}}],"line":20},"1":{"loc":{"start":{"line":49,"column":10},"end":{"line":51,"column":58}},"type":"cond-expr","locations":[{"start":{"line":50,"column":12},"end":{"line":50,"column":41}},{"start":{"line":51,"column":12},"end":{"line":51,"column":58}}],"line":49},"2":{"loc":{"start":{"line":49,"column":10},"end":{"line":49,"column":37}},"type":"binary-expr","locations":[{"start":{"line":49,"column":10},"end":{"line":49,"column":20}},{"start":{"line":49,"column":24},"end":{"line":49,"column":37}}],"line":49},"3":{"loc":{"start":{"line":51,"column":17},"end":{"line":51,"column":52}},"type":"binary-expr","locations":[{"start":{"line":51,"column":17},"end":{"line":51,"column":29}},{"start":{"line":51,"column":33},"end":{"line":51,"column":52}}],"line":51}},"s":{"0":4,"1":4,"2":4,"3":2,"4":2,"5":4,"6":2,"7":2,"8":2,"9":2,"10":2,"11":2,"12":8,"13":8,"14":2},"f":{"0":4,"1":2,"2":2,"3":2,"4":2,"5":2,"6":2,"7":8,"8":2},"b":{"0":[2,0],"1":[1,7],"2":[8,2],"3":[7,6]},"_coverageSchema":"43e27e138ebf9cfc5966b082cf9a028302ed4184","hash":"c79e33168402ce0564048669d78d765465318d5a"}
,"/home/trybe/Curso-Trybe/15.1_React_testing_library_Primeiros_passos/exercise-digimon-finders/src/Digimon.js": {"path":"/home/trybe/Curso-Trybe/15.1_React_testing_library_Primeiros_passos/exercise-digimon-finders/src/Digimon.js","statementMap":{"0":{"start":{"line":4,"column":16},"end":{"line":10,"column":1}},"1":{"start":{"line":5,"column":2},"end":{"line":9,"column":8}},"2":{"start":{"line":14,"column":0},"end":{"line":18,"column":14}}},"fnMap":{"0":{"name":"(anonymous_0)","decl":{"start":{"line":4,"column":16},"end":{"line":4,"column":17}},"loc":{"start":{"line":5,"column":2},"end":{"line":9,"column":8}},"line":5}},"branchMap":{},"s":{"0":2,"1":3,"2":2},"f":{"0":3},"b":{},"_coverageSchema":"43e27e138ebf9cfc5966b082cf9a028302ed4184","hash":"f26682e012540ea52f734a83dca87e9291e32327"}
}
