TN:
SF:/home/trybe/Curso-Trybe/15.1_React_testing_library_Primeiros_passos/exercise-digimon-finders/src/App.js
FN:6,(anonymous_0)
FN:11,(anonymous_1)
FN:12,(anonymous_2)
FN:18,(anonymous_3)
FN:22,(anonymous_4)
FN:23,(anonymous_5)
FN:23,(anonymous_6)
FN:32,(anonymous_7)
FN:39,(anonymous_8)
FNF:9
FNH:9
FNDA:4,(anonymous_0)
FNDA:2,(anonymous_1)
FNDA:2,(anonymous_2)
FNDA:2,(anonymous_3)
FNDA:2,(anonymous_4)
FNDA:2,(anonymous_5)
FNDA:2,(anonymous_6)
FNDA:8,(anonymous_7)
FNDA:2,(anonymous_8)
DA:7,4
DA:8,4
DA:11,4
DA:12,2
DA:18,4
DA:19,2
DA:20,2
DA:21,2
DA:22,2
DA:23,2
DA:33,8
DA:34,8
DA:39,2
LF:13
LH:13
BRDA:20,0,0,2
BRDA:20,0,1,0
BRDA:49,1,0,1
BRDA:49,1,1,7
BRDA:49,2,0,8
BRDA:49,2,1,2
BRDA:51,3,0,7
BRDA:51,3,1,6
BRF:8
BRH:7
end_of_record
TN:
SF:/home/trybe/Curso-Trybe/15.1_React_testing_library_Primeiros_passos/exercise-digimon-finders/src/Digimon.js
FN:4,(anonymous_0)
FNF:1
FNH:1
FNDA:3,(anonymous_0)
DA:4,2
DA:5,3
DA:14,2
LF:3
LH:3
BRF:0
BRH:0
end_of_record
